2016-10-07 12:54:27 INFO  SetupSelenium:108 - Successfully started WebDriver Google Chrome Driver with command switches
2016-10-07 12:54:28 INFO   Open Source Framework Automation :41 - Login functionality
2016-10-07 12:54:29 INFO  Config:63 - Reading the ObjectRepository file
2016-10-07 12:54:29 INFO  ReadXML:51 - Started reading of the xml file: ./Configuration/OR_MBG.xml
2016-10-07 12:54:29 INFO  ReadXML:56 - Completed reading of the xml file: ./Configuration/OR_MBG.xml
2016-10-07 12:54:29 INFO  WebActions:152 - keyword value is get the keyword and set it here
2016-10-07 12:54:29 INFO  WebActions:1761 - Found element [LogintxtUname] after [1] iterations
2016-10-07 12:54:29 INFO  WebActions:616 - [ClearText] executed on [//input[@id='_username']]
2016-10-07 12:54:29 INFO  WebActions:152 - keyword value is get the keyword and set it here
2016-10-07 12:54:29 INFO  WebActions:1761 - Found element [LogintxtUname] after [1] iterations
2016-10-07 12:54:29 INFO  WebActions:152 - keyword value is get the keyword and set it here
2016-10-07 12:54:29 INFO  WebActions:1761 - Found element [LogintxtUname] after [1] iterations
2016-10-07 12:54:30 INFO  WebActions:732 - [getAttribute] executed on [//input[@id='_username']]
2016-10-07 12:54:30 ERROR WebActions:1390 - Exception::
org.openqa.selenium.StaleElementReferenceException: Element is no longer valid (WARNING: The server did not provide any stacktrace information)
Command duration or timeout: 70 milliseconds
For documentation on this error, please visit: http://seleniumhq.org/exceptions/stale_element_reference.html
Build info: version: '2.48.2', revision: '41bccdd', time: '2015-10-09 19:59:12'
System info: host: 'HYD-SMOTHKURI1', ip: '172.16.105.65', os.name: 'Windows 7', os.arch: 'amd64', os.version: '6.1', java.version: '1.8.0_60'
Driver info: org.openqa.selenium.ie.InternetExplorerDriver
Capabilities [{browserAttachTimeout=0, enablePersistentHover=true, ie.forceCreateProcessApi=false, pageLoadStrategy=normal, ie.usePerProcessProxy=false, ignoreZoomSetting=true, handlesAlerts=true, version=11, platform=WINDOWS, nativeEvents=true, ie.ensureCleanSession=false, elementScrollBehavior=0, ie.browserCommandLineSwitches=, requireWindowFocus=false, browserName=internet explorer, initialBrowserUrl=http://localhost:12528/, takesScreenshot=true, javascriptEnabled=true, ignoreProtectedModeSettings=true, enableElementCacheCleanup=true, cssSelectorsEnabled=true, unexpectedAlertBehaviour=dismiss}]
Session ID: 4d4c5fc1-e052-4ef5-abf2-d2716ed476f0
	at sun.reflect.NativeConstructorAccessorImpl.newInstance0(Native Method)
	at sun.reflect.NativeConstructorAccessorImpl.newInstance(NativeConstructorAccessorImpl.java:62)
	at sun.reflect.DelegatingConstructorAccessorImpl.newInstance(DelegatingConstructorAccessorImpl.java:45)
	at java.lang.reflect.Constructor.newInstance(Constructor.java:422)
	at org.openqa.selenium.remote.ErrorHandler.createThrowable(ErrorHandler.java:206)
	at org.openqa.selenium.remote.ErrorHandler.throwIfResponseFailed(ErrorHandler.java:158)
	at org.openqa.selenium.remote.RemoteWebDriver.execute(RemoteWebDriver.java:647)
	at org.openqa.selenium.remote.RemoteWebElement.execute(RemoteWebElement.java:326)
	at org.openqa.selenium.remote.RemoteWebElement.sendKeys(RemoteWebElement.java:121)
	at com.epam.fixtures.WebActions.type(WebActions.java:1379)
	at com.epam.businesslibs.LoginToMBG.Login(LoginToMBG.java:26)
	at com.epam.scenarios.NewBusniness.loginToMBGroup(NewBusniness.java:45)
	at sun.reflect.NativeMethodAccessorImpl.invoke0(Native Method)
	at sun.reflect.NativeMethodAccessorImpl.invoke(NativeMethodAccessorImpl.java:62)
	at sun.reflect.DelegatingMethodAccessorImpl.invoke(DelegatingMethodAccessorImpl.java:43)
	at java.lang.reflect.Method.invoke(Method.java:497)
	at org.testng.internal.MethodInvocationHelper.invokeMethod(MethodInvocationHelper.java:85)
	at org.testng.internal.Invoker.invokeMethod(Invoker.java:639)
	at org.testng.internal.Invoker.invokeTestMethod(Invoker.java:821)
	at org.testng.internal.Invoker.invokeTestMethods(Invoker.java:1131)
	at org.testng.internal.TestMethodWorker.invokeTestMethods(TestMethodWorker.java:124)
	at org.testng.internal.TestMethodWorker.run(TestMethodWorker.java:108)
	at org.testng.TestRunner.privateRun(TestRunner.java:773)
	at org.testng.TestRunner.run(TestRunner.java:623)
	at org.testng.SuiteRunner.runTest(SuiteRunner.java:357)
	at org.testng.SuiteRunner.runSequentially(SuiteRunner.java:352)
	at org.testng.SuiteRunner.privateRun(SuiteRunner.java:310)
	at org.testng.SuiteRunner.run(SuiteRunner.java:259)
	at org.testng.SuiteRunnerWorker.runSuite(SuiteRunnerWorker.java:52)
	at org.testng.SuiteRunnerWorker.run(SuiteRunnerWorker.java:86)
	at org.testng.TestNG.runSuitesSequentially(TestNG.java:1185)
	at org.testng.TestNG.runSuitesLocally(TestNG.java:1110)
	at org.testng.TestNG.run(TestNG.java:1018)
	at com.epam.driver.CoreDriverScript.executeTestCases(CoreDriverScript.java:265)
	at com.epam.driver.CoreDriverScript.main(CoreDriverScript.java:189)
2016-10-07 12:54:30 ERROR LoginToMBG:44 - Failed to login to MBG
2016-10-07 12:54:30 INFO   Open Source Framework Automation :281 - Test scenarios added to the XML report
2016-10-07 15:01:22 INFO  SetupSelenium:108 - Successfully started WebDriver Google Chrome Driver with command switches
2016-10-07 15:01:23 INFO   Open Source Framework Automation :41 - Login functionality
2016-10-07 15:01:23 INFO  Config:63 - Reading the ObjectRepository file
2016-10-07 15:01:23 INFO  ReadXML:51 - Started reading of the xml file: ./Configuration/OR_MBG.xml
2016-10-07 15:01:23 INFO  ReadXML:56 - Completed reading of the xml file: ./Configuration/OR_MBG.xml
2016-10-07 15:01:23 INFO  WebActions:152 - keyword value is get the keyword and set it here
2016-10-07 15:01:23 INFO  WebActions:1761 - Found element [LogintxtUname] after [1] iterations
2016-10-07 15:01:23 INFO  WebActions:616 - [ClearText] executed on [//input[@id='_username']]
2016-10-07 15:01:23 INFO  WebActions:152 - keyword value is get the keyword and set it here
2016-10-07 15:01:23 INFO  WebActions:1761 - Found element [LogintxtUname] after [1] iterations
2016-10-07 15:01:24 INFO  WebActions:152 - keyword value is get the keyword and set it here
2016-10-07 15:01:24 INFO  WebActions:1761 - Found element [LogintxtUname] after [1] iterations
2016-10-07 15:01:24 INFO  WebActions:732 - [getAttribute] executed on [//input[@id='_username']]
2016-10-07 15:01:24 INFO  WebActions:1383 - [Type] executed on [LogintxtUname]
2016-10-07 15:01:24 INFO  WebActions:152 - keyword value is get the keyword and set it here
2016-10-07 15:01:24 INFO  WebActions:1761 - Found element [LoginTxtPwd] after [1] iterations
2016-10-07 15:01:25 INFO  WebActions:616 - [ClearText] executed on [//input[@id='_password']]
2016-10-07 15:01:25 INFO  WebActions:152 - keyword value is get the keyword and set it here
2016-10-07 15:01:25 INFO  WebActions:1761 - Found element [LoginTxtPwd] after [1] iterations
2016-10-07 15:01:25 INFO  WebActions:152 - keyword value is get the keyword and set it here
2016-10-07 15:01:25 INFO  WebActions:1761 - Found element [LoginTxtPwd] after [1] iterations
2016-10-07 15:01:25 INFO  WebActions:732 - [getAttribute] executed on [//input[@id='_password']]
2016-10-07 15:01:26 INFO  WebActions:1383 - [Type] executed on [LoginTxtPwd]
2016-10-07 15:01:26 INFO  WebActions:152 - keyword value is get the keyword and set it here
2016-10-07 15:01:26 INFO  WebActions:1761 - Found element [LoginServer] after [1] iterations
2016-10-07 15:01:26 INFO  WebActions:1247 - Selected the value [ Accenture Personal Lines Policy] based in 'Value'[on [//select[@name='serverSelection']]
2016-10-07 15:01:26 INFO  WebActions:152 - keyword value is get the keyword and set it here
2016-10-07 15:01:26 INFO  WebActions:1761 - Found element [LoginSubmit] after [1] iterations
2016-10-07 15:01:36 INFO  WebActions:506 - [click] executed on [LoginSubmit]
2016-10-07 15:01:36 INFO  LoginToMBG:34 - Logged into MBG Successfully
2016-10-07 15:01:36 INFO  WebActions:152 - keyword value is get the keyword and set it here
2016-10-07 15:01:36 INFO   Open Source Framework Automation :61 - New Quote filling Functionality
2016-10-07 15:01:36 INFO  WebActions:152 - keyword value is get the keyword and set it here
2016-10-07 15:01:36 INFO  WebActions:1761 - Found element [NewQuote] after [1] iterations
2016-10-07 15:01:40 INFO  WebActions:506 - [click] executed on [NewQuote]
2016-10-07 15:01:40 INFO  WebActions:152 - keyword value is get the keyword and set it here
2016-10-07 15:01:41 INFO  WebActions:1761 - Found element [lstNewQuote_Producer] after [1] iterations
2016-10-07 15:01:43 INFO  WebActions:1247 - Selected the value [ Agent User Profile] based in 'Value'[on [//select[@fieldref='data.Producer']]
2016-10-07 15:01:43 INFO  WebActions:152 - keyword value is get the keyword and set it here
2016-10-07 15:01:43 INFO  WebActions:1761 - Found element [txtNewQuote_EffDate] after [1] iterations
2016-10-07 15:01:43 INFO  WebActions:152 - keyword value is get the keyword and set it here
2016-10-07 15:01:43 INFO  WebActions:1761 - Found element [txtNewQuote_EffDate] after [1] iterations
2016-10-07 15:01:44 INFO  WebActions:732 - [getAttribute] executed on [//input[@fieldref='data.EffectiveDate']]
2016-10-07 15:01:44 INFO  WebActions:1383 - [Type] executed on [txtNewQuote_EffDate]
2016-10-07 15:01:44 INFO  WebActions:152 - keyword value is get the keyword and set it here
2016-10-07 15:01:44 INFO  WebActions:1761 - Found element [lstNewQuote_Line] after [1] iterations
2016-10-07 15:01:45 INFO  WebActions:1247 - Selected the value [ Personal Auto] based in 'Value'[on [//select[@fieldref='data.Line']]
2016-10-07 15:01:48 ERROR WebActions:2649 - Exception::
org.openqa.selenium.TimeoutException: Timed out after 0 seconds waiting for com.epam.fixtures.WebActions$2@23d1e5d0
Build info: version: '2.48.2', revision: '41bccdd', time: '2015-10-09 19:59:12'
System info: host: 'HYD-SMOTHKURI1', ip: '192.168.252.52', os.name: 'Windows 7', os.arch: 'amd64', os.version: '6.1', java.version: '1.8.0_60'
Driver info: org.openqa.selenium.ie.InternetExplorerDriver
Capabilities [{browserAttachTimeout=0, enablePersistentHover=true, ie.forceCreateProcessApi=false, pageLoadStrategy=normal, ie.usePerProcessProxy=false, ignoreZoomSetting=true, handlesAlerts=true, version=11, platform=WINDOWS, nativeEvents=true, ie.ensureCleanSession=false, elementScrollBehavior=0, ie.browserCommandLineSwitches=, requireWindowFocus=false, browserName=internet explorer, initialBrowserUrl=http://localhost:47382/, takesScreenshot=true, javascriptEnabled=true, ignoreProtectedModeSettings=true, enableElementCacheCleanup=true, cssSelectorsEnabled=true, unexpectedAlertBehaviour=dismiss}]
Session ID: c5ed9def-a495-45f7-92d3-ac3706c09cbd
	at org.openqa.selenium.support.ui.WebDriverWait.timeoutException(WebDriverWait.java:80)
	at org.openqa.selenium.support.ui.FluentWait.until(FluentWait.java:261)
	at com.epam.fixtures.WebActions.waitForDropdownToLoad(WebActions.java:2632)
	at com.epam.businesslibs.NewQuotePage.FillNewQuoteDetails(NewQuotePage.java:33)
	at com.epam.scenarios.NewBusniness.FillNewQuotePage(NewBusniness.java:63)
	at sun.reflect.NativeMethodAccessorImpl.invoke0(Native Method)
	at sun.reflect.NativeMethodAccessorImpl.invoke(NativeMethodAccessorImpl.java:62)
	at sun.reflect.DelegatingMethodAccessorImpl.invoke(DelegatingMethodAccessorImpl.java:43)
	at java.lang.reflect.Method.invoke(Method.java:497)
	at org.testng.internal.MethodInvocationHelper.invokeMethod(MethodInvocationHelper.java:85)
	at org.testng.internal.Invoker.invokeMethod(Invoker.java:639)
	at org.testng.internal.Invoker.invokeTestMethod(Invoker.java:821)
	at org.testng.internal.Invoker.invokeTestMethods(Invoker.java:1131)
	at org.testng.internal.TestMethodWorker.invokeTestMethods(TestMethodWorker.java:124)
	at org.testng.internal.TestMethodWorker.run(TestMethodWorker.java:108)
	at org.testng.TestRunner.privateRun(TestRunner.java:773)
	at org.testng.TestRunner.run(TestRunner.java:623)
	at org.testng.SuiteRunner.runTest(SuiteRunner.java:357)
	at org.testng.SuiteRunner.runSequentially(SuiteRunner.java:352)
	at org.testng.SuiteRunner.privateRun(SuiteRunner.java:310)
	at org.testng.SuiteRunner.run(SuiteRunner.java:259)
	at org.testng.SuiteRunnerWorker.runSuite(SuiteRunnerWorker.java:52)
	at org.testng.SuiteRunnerWorker.run(SuiteRunnerWorker.java:86)
	at org.testng.TestNG.runSuitesSequentially(TestNG.java:1185)
	at org.testng.TestNG.runSuitesLocally(TestNG.java:1110)
	at org.testng.TestNG.run(TestNG.java:1018)
	at com.epam.driver.CoreDriverScript.executeTestCases(CoreDriverScript.java:265)
	at com.epam.driver.CoreDriverScript.main(CoreDriverScript.java:189)
2016-10-07 15:01:48 INFO  WebActions:152 - keyword value is get the keyword and set it here
2016-10-07 15:01:48 INFO  WebActions:1761 - Found element [lstNewQuote_State] after [1] iterations
2016-10-07 15:01:48 INFO  WebActions:1247 - Selected the value [ PA] based in 'Value'[on [//select[@fieldref='data.State']]
2016-10-07 15:01:49 INFO  WebActions:152 - keyword value is get the keyword and set it here
2016-10-07 15:01:49 INFO  WebActions:1761 - Found element [lstNewQuote_UseTransact] after [1] iterations
2016-10-07 15:01:49 INFO  WebActions:1247 - Selected the value [ No] based in 'Value'[on [//select[@fieldref='data.UseTransact']]
2016-10-07 15:01:49 INFO  WebActions:152 - keyword value is get the keyword and set it here
2016-10-07 15:01:49 INFO  WebActions:1761 - Found element [lstNewQuote_Procision] after [1] iterations
2016-10-07 15:01:49 INFO  WebActions:1247 - Selected the value [ Yes] based in 'Value'[on [//select[@fieldref='data.NewRatePlan_OnScreen']]
2016-10-07 15:01:49 INFO  WebActions:152 - keyword value is get the keyword and set it here
2016-10-07 15:01:50 INFO  WebActions:1761 - Found element [lstNewQuote_QuoteType] after [1] iterations
2016-10-07 15:01:50 INFO  WebActions:1247 - Selected the value [ Full Quote] based in 'Value'[on [//select[@fieldref='data.QuoteType']]
2016-10-07 15:01:50 INFO  WebActions:152 - keyword value is get the keyword and set it here
2016-10-07 15:01:50 INFO  WebActions:1761 - Found element [btnNewQuote_StartQuote] after [1] iterations
2016-10-07 15:01:58 INFO  WebActions:506 - [click] executed on [btnNewQuote_StartQuote]
2016-10-07 15:01:58 INFO  NewQuotePage:43 - New Quote created Successfully
2016-10-07 15:01:58 INFO  WebActions:152 - keyword value is get the keyword and set it here
2016-10-07 15:01:59 INFO  SetupSelenium:323 - Successfully closed the browser and Web Driver instance
2016-10-07 15:02:00 INFO   Open Source Framework Automation :281 - Test scenarios added to the XML report
2016-10-07 15:02:01 INFO  FrameworkExceptions:52 - ****************************************************************************************
2016-10-07 15:02:01 INFO  FrameworkExceptions:53 - ||||||||||||||||||          End of Execution!!!!!!!!               ||||||||||||||||||||||||
2016-10-07 15:02:01 INFO  FrameworkExceptions:54 - ****************************************************************************************
2016-10-07 15:02:45 INFO  SetupSelenium:108 - Successfully started WebDriver Google Chrome Driver with command switches
2016-10-07 15:02:46 INFO   Open Source Framework Automation :41 - Login functionality
2016-10-07 15:02:46 INFO  Config:63 - Reading the ObjectRepository file
2016-10-07 15:02:46 INFO  ReadXML:51 - Started reading of the xml file: ./Configuration/OR_MBG.xml
2016-10-07 15:02:46 INFO  ReadXML:56 - Completed reading of the xml file: ./Configuration/OR_MBG.xml
2016-10-07 15:02:46 INFO  WebActions:152 - keyword value is get the keyword and set it here
2016-10-07 15:02:46 INFO  WebActions:1761 - Found element [LogintxtUname] after [1] iterations
2016-10-07 15:02:47 INFO  WebActions:616 - [ClearText] executed on [//input[@id='_username']]
2016-10-07 15:02:47 INFO  WebActions:152 - keyword value is get the keyword and set it here
2016-10-07 15:02:47 INFO  WebActions:1761 - Found element [LogintxtUname] after [1] iterations
2016-10-07 15:02:47 INFO  WebActions:152 - keyword value is get the keyword and set it here
2016-10-07 15:02:47 INFO  WebActions:1761 - Found element [LogintxtUname] after [1] iterations
2016-10-07 15:02:47 INFO  WebActions:732 - [getAttribute] executed on [//input[@id='_username']]
2016-10-07 15:02:48 INFO  WebActions:1383 - [Type] executed on [LogintxtUname]
2016-10-07 15:02:48 INFO  WebActions:152 - keyword value is get the keyword and set it here
2016-10-07 15:02:48 INFO  WebActions:1761 - Found element [LoginTxtPwd] after [1] iterations
2016-10-07 15:02:48 INFO  WebActions:616 - [ClearText] executed on [//input[@id='_password']]
2016-10-07 15:02:48 INFO  WebActions:152 - keyword value is get the keyword and set it here
2016-10-07 15:02:48 INFO  WebActions:1761 - Found element [LoginTxtPwd] after [1] iterations
2016-10-07 15:02:48 INFO  WebActions:152 - keyword value is get the keyword and set it here
2016-10-07 15:02:48 INFO  WebActions:1761 - Found element [LoginTxtPwd] after [1] iterations
2016-10-07 15:02:48 INFO  WebActions:732 - [getAttribute] executed on [//input[@id='_password']]
2016-10-07 15:02:49 INFO  WebActions:1383 - [Type] executed on [LoginTxtPwd]
2016-10-07 15:02:49 INFO  WebActions:152 - keyword value is get the keyword and set it here
2016-10-07 15:02:49 INFO  WebActions:1761 - Found element [LoginServer] after [1] iterations
2016-10-07 15:02:49 INFO  WebActions:1247 - Selected the value [ Accenture Personal Lines Policy] based in 'Value'[on [//select[@name='serverSelection']]
2016-10-07 15:02:49 INFO  WebActions:152 - keyword value is get the keyword and set it here
2016-10-07 15:02:49 INFO  WebActions:1761 - Found element [LoginSubmit] after [1] iterations
2016-10-07 15:03:00 INFO  WebActions:506 - [click] executed on [LoginSubmit]
2016-10-07 15:03:00 INFO  LoginToMBG:34 - Logged into MBG Successfully
2016-10-07 15:03:00 INFO  WebActions:152 - keyword value is get the keyword and set it here
2016-10-07 15:03:00 INFO   Open Source Framework Automation :61 - New Quote filling Functionality
2016-10-07 15:03:00 INFO  WebActions:152 - keyword value is get the keyword and set it here
2016-10-07 15:03:00 INFO  WebActions:1761 - Found element [NewQuote] after [1] iterations
2016-10-07 15:03:02 INFO  WebActions:506 - [click] executed on [NewQuote]
2016-10-07 15:03:03 INFO  WebActions:152 - keyword value is get the keyword and set it here
2016-10-07 15:03:03 INFO  WebActions:1761 - Found element [lstNewQuote_Producer] after [1] iterations
2016-10-07 15:03:05 INFO  WebActions:1247 - Selected the value [ Agent User Profile] based in 'Value'[on [//select[@fieldref='data.Producer']]
2016-10-07 15:03:05 INFO  WebActions:152 - keyword value is get the keyword and set it here
2016-10-07 15:03:05 INFO  WebActions:1761 - Found element [txtNewQuote_EffDate] after [1] iterations
2016-10-07 15:03:05 INFO  WebActions:152 - keyword value is get the keyword and set it here
2016-10-07 15:03:05 INFO  WebActions:1761 - Found element [txtNewQuote_EffDate] after [1] iterations
2016-10-07 15:03:06 INFO  WebActions:732 - [getAttribute] executed on [//input[@fieldref='data.EffectiveDate']]
2016-10-07 15:03:06 INFO  WebActions:1383 - [Type] executed on [txtNewQuote_EffDate]
2016-10-07 15:03:06 INFO  WebActions:152 - keyword value is get the keyword and set it here
2016-10-07 15:03:06 INFO  WebActions:1761 - Found element [lstNewQuote_Line] after [1] iterations
2016-10-07 15:03:07 INFO  WebActions:1247 - Selected the value [ Personal Auto] based in 'Value'[on [//select[@fieldref='data.Line']]
2016-10-07 15:03:10 ERROR WebActions:2649 - Exception::
org.openqa.selenium.TimeoutException: Timed out after 0 seconds waiting for com.epam.fixtures.WebActions$2@1698d7c0
Build info: version: '2.48.2', revision: '41bccdd', time: '2015-10-09 19:59:12'
System info: host: 'HYD-SMOTHKURI1', ip: '192.168.252.52', os.name: 'Windows 7', os.arch: 'amd64', os.version: '6.1', java.version: '1.8.0_60'
Driver info: org.openqa.selenium.ie.InternetExplorerDriver
Capabilities [{browserAttachTimeout=0, enablePersistentHover=true, ie.forceCreateProcessApi=false, pageLoadStrategy=normal, ie.usePerProcessProxy=false, ignoreZoomSetting=true, handlesAlerts=true, version=11, platform=WINDOWS, nativeEvents=true, ie.ensureCleanSession=false, elementScrollBehavior=0, ie.browserCommandLineSwitches=, requireWindowFocus=false, browserName=internet explorer, initialBrowserUrl=http://localhost:7392/, takesScreenshot=true, javascriptEnabled=true, ignoreProtectedModeSettings=true, enableElementCacheCleanup=true, cssSelectorsEnabled=true, unexpectedAlertBehaviour=dismiss}]
Session ID: 67094f7c-e5e4-48ae-be0a-f7ee95f3737d
	at org.openqa.selenium.support.ui.WebDriverWait.timeoutException(WebDriverWait.java:80)
	at org.openqa.selenium.support.ui.FluentWait.until(FluentWait.java:261)
	at com.epam.fixtures.WebActions.waitForDropdownToLoad(WebActions.java:2632)
	at com.epam.businesslibs.NewQuotePage.FillNewQuoteDetails(NewQuotePage.java:33)
	at com.epam.scenarios.NewBusniness.FillNewQuotePage(NewBusniness.java:63)
	at sun.reflect.NativeMethodAccessorImpl.invoke0(Native Method)
	at sun.reflect.NativeMethodAccessorImpl.invoke(NativeMethodAccessorImpl.java:62)
	at sun.reflect.DelegatingMethodAccessorImpl.invoke(DelegatingMethodAccessorImpl.java:43)
	at java.lang.reflect.Method.invoke(Method.java:497)
	at org.testng.internal.MethodInvocationHelper.invokeMethod(MethodInvocationHelper.java:85)
	at org.testng.internal.Invoker.invokeMethod(Invoker.java:639)
	at org.testng.internal.Invoker.invokeTestMethod(Invoker.java:821)
	at org.testng.internal.Invoker.invokeTestMethods(Invoker.java:1131)
	at org.testng.internal.TestMethodWorker.invokeTestMethods(TestMethodWorker.java:124)
	at org.testng.internal.TestMethodWorker.run(TestMethodWorker.java:108)
	at org.testng.TestRunner.privateRun(TestRunner.java:773)
	at org.testng.TestRunner.run(TestRunner.java:623)
	at org.testng.SuiteRunner.runTest(SuiteRunner.java:357)
	at org.testng.SuiteRunner.runSequentially(SuiteRunner.java:352)
	at org.testng.SuiteRunner.privateRun(SuiteRunner.java:310)
	at org.testng.SuiteRunner.run(SuiteRunner.java:259)
	at org.testng.SuiteRunnerWorker.runSuite(SuiteRunnerWorker.java:52)
	at org.testng.SuiteRunnerWorker.run(SuiteRunnerWorker.java:86)
	at org.testng.TestNG.runSuitesSequentially(TestNG.java:1185)
	at org.testng.TestNG.runSuitesLocally(TestNG.java:1110)
	at org.testng.TestNG.run(TestNG.java:1018)
	at com.epam.driver.CoreDriverScript.executeTestCases(CoreDriverScript.java:265)
	at com.epam.driver.CoreDriverScript.main(CoreDriverScript.java:189)
2016-10-07 15:03:10 INFO  WebActions:152 - keyword value is get the keyword and set it here
2016-10-07 15:03:10 INFO  WebActions:1761 - Found element [lstNewQuote_State] after [1] iterations
2016-10-07 15:03:10 INFO  WebActions:1247 - Selected the value [ PA] based in 'Value'[on [//select[@fieldref='data.State']]
2016-10-07 15:03:11 INFO  WebActions:152 - keyword value is get the keyword and set it here
2016-10-07 15:03:11 INFO  WebActions:1761 - Found element [lstNewQuote_UseTransact] after [1] iterations
2016-10-07 15:03:11 INFO  WebActions:1247 - Selected the value [ No] based in 'Value'[on [//select[@fieldref='data.UseTransact']]
2016-10-07 15:03:11 INFO  WebActions:152 - keyword value is get the keyword and set it here
2016-10-07 15:03:12 INFO  WebActions:1761 - Found element [lstNewQuote_Procision] after [1] iterations
2016-10-07 15:03:12 INFO  WebActions:1247 - Selected the value [ Yes] based in 'Value'[on [//select[@fieldref='data.NewRatePlan_OnScreen']]
2016-10-07 15:03:12 INFO  WebActions:152 - keyword value is get the keyword and set it here
2016-10-07 15:03:12 INFO  WebActions:1761 - Found element [lstNewQuote_QuoteType] after [1] iterations
2016-10-07 15:03:12 INFO  WebActions:1247 - Selected the value [ Full Quote] based in 'Value'[on [//select[@fieldref='data.QuoteType']]
2016-10-07 15:03:12 INFO  WebActions:152 - keyword value is get the keyword and set it here
2016-10-07 15:03:12 INFO  WebActions:1761 - Found element [btnNewQuote_StartQuote] after [1] iterations
2016-10-07 15:03:20 INFO  WebActions:506 - [click] executed on [btnNewQuote_StartQuote]
2016-10-07 15:03:20 INFO  NewQuotePage:43 - New Quote created Successfully
2016-10-07 15:03:20 INFO  WebActions:152 - keyword value is get the keyword and set it here
2016-10-07 15:03:21 INFO  SetupSelenium:323 - Successfully closed the browser and Web Driver instance
2016-10-07 15:03:22 INFO   Open Source Framework Automation :281 - Test scenarios added to the XML report
2016-10-07 15:26:39 INFO  FrameworkExceptions:52 - ****************************************************************************************
2016-10-07 15:26:39 INFO  FrameworkExceptions:53 - ||||||||||||||||||          End of Execution!!!!!!!!               ||||||||||||||||||||||||
2016-10-07 15:26:39 INFO  FrameworkExceptions:54 - ****************************************************************************************
