<?xml version="1.0" encoding="UTF-8"?>
<!-- Generated by org.testng.reporters.JUnitReportReporter -->
<testsuite hostname="EPINHYDW0883" name="com.epam.scenarios.Endorsement" tests="28" failures="0" timestamp="26 Sep 2017 08:31:31 GMT" time="36.283" errors="12">
  <testcase name="EndorseOrEditPolicy_End" time="28.737" classname="com.epam.scenarios.Endorsement">
    <error type="java.lang.Exception">
      <![CDATA[java.lang.Exception
	at com.epam.fixtures.WebActions.click(WebActions.java:514)
	at com.epam.businesslibs.SubmissionPage.MakeChanges(SubmissionPage.java:37)
	at com.epam.scenarios.Endorsement.EndorseOrEditPolicy_End(Endorsement.java:515)
	at sun.reflect.NativeMethodAccessorImpl.invoke0(Native Method)
	at sun.reflect.NativeMethodAccessorImpl.invoke(Unknown Source)
	at sun.reflect.DelegatingMethodAccessorImpl.invoke(Unknown Source)
	at java.lang.reflect.Method.invoke(Unknown Source)
	at org.testng.internal.MethodInvocationHelper.invokeMethod(MethodInvocationHelper.java:85)
	at org.testng.internal.Invoker.invokeMethod(Invoker.java:639)
	at org.testng.internal.Invoker.invokeTestMethod(Invoker.java:821)
	at org.testng.internal.Invoker.invokeTestMethods(Invoker.java:1131)
	at org.testng.internal.TestMethodWorker.invokeTestMethods(TestMethodWorker.java:124)
	at org.testng.internal.TestMethodWorker.run(TestMethodWorker.java:108)
	at org.testng.TestRunner.privateRun(TestRunner.java:773)
	at org.testng.TestRunner.run(TestRunner.java:623)
	at org.testng.SuiteRunner.runTest(SuiteRunner.java:357)
	at org.testng.SuiteRunner.runSequentially(SuiteRunner.java:352)
	at org.testng.SuiteRunner.privateRun(SuiteRunner.java:310)
	at org.testng.SuiteRunner.run(SuiteRunner.java:259)
	at org.testng.SuiteRunnerWorker.runSuite(SuiteRunnerWorker.java:52)
	at org.testng.SuiteRunnerWorker.run(SuiteRunnerWorker.java:86)
	at org.testng.TestNG.runSuitesSequentially(TestNG.java:1185)
	at org.testng.TestNG.runSuitesLocally(TestNG.java:1110)
	at org.testng.TestNG.run(TestNG.java:1018)
	at com.epam.driver.CoreDriverScript.executeTestCases(CoreDriverScript.java:270)
	at com.epam.driver.CoreDriverScript.main(CoreDriverScript.java:182)
]]>
    </error>
  </testcase> <!-- EndorseOrEditPolicy_End -->
  <testcase name="ActionsOnPremiumDetailsPage_End" time="0.000" classname="com.epam.scenarios.Endorsement"/>
  <testcase name="UpdateVehicals" time="0.000" classname="com.epam.scenarios.Endorsement">
    <error type="java.lang.Throwable" message="Method Endorsement.UpdateVehicals()[pri:0, instance:com.epam.scenarios.Endorsement@673919a7] depends on not successfully finished methods">
      <![CDATA[java.lang.Throwable: Method Endorsement.UpdateVehicals()[pri:0, instance:com.epam.scenarios.Endorsement@673919a7] depends on not successfully finished methods
	at org.testng.internal.Invoker.invokeTestMethods(Invoker.java:1040)
	at org.testng.internal.TestMethodWorker.invokeTestMethods(TestMethodWorker.java:124)
	at org.testng.internal.TestMethodWorker.run(TestMethodWorker.java:108)
	at org.testng.TestRunner.privateRun(TestRunner.java:773)
	at org.testng.TestRunner.run(TestRunner.java:623)
	at org.testng.SuiteRunner.runTest(SuiteRunner.java:357)
	at org.testng.SuiteRunner.runSequentially(SuiteRunner.java:352)
	at org.testng.SuiteRunner.privateRun(SuiteRunner.java:310)
	at org.testng.SuiteRunner.run(SuiteRunner.java:259)
	at org.testng.SuiteRunnerWorker.runSuite(SuiteRunnerWorker.java:52)
	at org.testng.SuiteRunnerWorker.run(SuiteRunnerWorker.java:86)
	at org.testng.TestNG.runSuitesSequentially(TestNG.java:1185)
	at org.testng.TestNG.runSuitesLocally(TestNG.java:1110)
	at org.testng.TestNG.run(TestNG.java:1018)
	at com.epam.driver.CoreDriverScript.executeTestCases(CoreDriverScript.java:270)
	at com.epam.driver.CoreDriverScript.main(CoreDriverScript.java:182)
]]>
    </error>
  </testcase> <!-- UpdateVehicals -->
  <testcase name="SelectAgency_End" time="1.425" classname="com.epam.scenarios.Endorsement"/>
  <testcase name="flowControl" time="0.001" classname="com.epam.scenarios.Endorsement"/>
  <testcase name="FillNewQuotePage_End" time="0.000" classname="com.epam.scenarios.Endorsement"/>
  <testcase name="ActionsonUnderWritingPage" time="0.000" classname="com.epam.scenarios.Endorsement">
    <error type="java.lang.Throwable" message="Method Endorsement.ActionsonUnderWritingPage()[pri:0, instance:com.epam.scenarios.Endorsement@673919a7] depends on not successfully finished methods">
      <![CDATA[java.lang.Throwable: Method Endorsement.ActionsonUnderWritingPage()[pri:0, instance:com.epam.scenarios.Endorsement@673919a7] depends on not successfully finished methods
	at org.testng.internal.Invoker.invokeTestMethods(Invoker.java:1040)
	at org.testng.internal.TestMethodWorker.invokeTestMethods(TestMethodWorker.java:124)
	at org.testng.internal.TestMethodWorker.run(TestMethodWorker.java:108)
	at org.testng.TestRunner.privateRun(TestRunner.java:773)
	at org.testng.TestRunner.run(TestRunner.java:623)
	at org.testng.SuiteRunner.runTest(SuiteRunner.java:357)
	at org.testng.SuiteRunner.runSequentially(SuiteRunner.java:352)
	at org.testng.SuiteRunner.privateRun(SuiteRunner.java:310)
	at org.testng.SuiteRunner.run(SuiteRunner.java:259)
	at org.testng.SuiteRunnerWorker.runSuite(SuiteRunnerWorker.java:52)
	at org.testng.SuiteRunnerWorker.run(SuiteRunnerWorker.java:86)
	at org.testng.TestNG.runSuitesSequentially(TestNG.java:1185)
	at org.testng.TestNG.runSuitesLocally(TestNG.java:1110)
	at org.testng.TestNG.run(TestNG.java:1018)
	at com.epam.driver.CoreDriverScript.executeTestCases(CoreDriverScript.java:270)
	at com.epam.driver.CoreDriverScript.main(CoreDriverScript.java:182)
]]>
    </error>
  </testcase> <!-- ActionsonUnderWritingPage -->
  <testcase name="AddCoverages_End" time="0.000" classname="com.epam.scenarios.Endorsement"/>
  <testcase name="GeneralInformationPage" time="0.000" classname="com.epam.scenarios.Endorsement">
    <error type="java.lang.Throwable" message="Method Endorsement.GeneralInformationPage()[pri:0, instance:com.epam.scenarios.Endorsement@673919a7] depends on not successfully finished methods">
      <![CDATA[java.lang.Throwable: Method Endorsement.GeneralInformationPage()[pri:0, instance:com.epam.scenarios.Endorsement@673919a7] depends on not successfully finished methods
	at org.testng.internal.Invoker.invokeTestMethods(Invoker.java:1040)
	at org.testng.internal.TestMethodWorker.invokeTestMethods(TestMethodWorker.java:124)
	at org.testng.internal.TestMethodWorker.run(TestMethodWorker.java:108)
	at org.testng.TestRunner.privateRun(TestRunner.java:773)
	at org.testng.TestRunner.run(TestRunner.java:623)
	at org.testng.SuiteRunner.runTest(SuiteRunner.java:357)
	at org.testng.SuiteRunner.runSequentially(SuiteRunner.java:352)
	at org.testng.SuiteRunner.privateRun(SuiteRunner.java:310)
	at org.testng.SuiteRunner.run(SuiteRunner.java:259)
	at org.testng.SuiteRunnerWorker.runSuite(SuiteRunnerWorker.java:52)
	at org.testng.SuiteRunnerWorker.run(SuiteRunnerWorker.java:86)
	at org.testng.TestNG.runSuitesSequentially(TestNG.java:1185)
	at org.testng.TestNG.runSuitesLocally(TestNG.java:1110)
	at org.testng.TestNG.run(TestNG.java:1018)
	at com.epam.driver.CoreDriverScript.executeTestCases(CoreDriverScript.java:270)
	at com.epam.driver.CoreDriverScript.main(CoreDriverScript.java:182)
]]>
    </error>
  </testcase> <!-- GeneralInformationPage -->
  <testcase name="SubmissionsPage" time="0.000" classname="com.epam.scenarios.Endorsement">
    <error type="java.lang.Throwable" message="Method Endorsement.SubmissionsPage()[pri:0, instance:com.epam.scenarios.Endorsement@673919a7] depends on not successfully finished methods">
      <![CDATA[java.lang.Throwable: Method Endorsement.SubmissionsPage()[pri:0, instance:com.epam.scenarios.Endorsement@673919a7] depends on not successfully finished methods
	at org.testng.internal.Invoker.invokeTestMethods(Invoker.java:1040)
	at org.testng.internal.TestMethodWorker.invokeTestMethods(TestMethodWorker.java:124)
	at org.testng.internal.TestMethodWorker.run(TestMethodWorker.java:108)
	at org.testng.TestRunner.privateRun(TestRunner.java:773)
	at org.testng.TestRunner.run(TestRunner.java:623)
	at org.testng.SuiteRunner.runTest(SuiteRunner.java:357)
	at org.testng.SuiteRunner.runSequentially(SuiteRunner.java:352)
	at org.testng.SuiteRunner.privateRun(SuiteRunner.java:310)
	at org.testng.SuiteRunner.run(SuiteRunner.java:259)
	at org.testng.SuiteRunnerWorker.runSuite(SuiteRunnerWorker.java:52)
	at org.testng.SuiteRunnerWorker.run(SuiteRunnerWorker.java:86)
	at org.testng.TestNG.runSuitesSequentially(TestNG.java:1185)
	at org.testng.TestNG.runSuitesLocally(TestNG.java:1110)
	at org.testng.TestNG.run(TestNG.java:1018)
	at com.epam.driver.CoreDriverScript.executeTestCases(CoreDriverScript.java:270)
	at com.epam.driver.CoreDriverScript.main(CoreDriverScript.java:182)
]]>
    </error>
  </testcase> <!-- SubmissionsPage -->
  <testcase name="ActionsonAdditionalInterest_End" time="0.000" classname="com.epam.scenarios.Endorsement"/>
  <testcase name="SelectAgencyInUW" time="0.000" classname="com.epam.scenarios.Endorsement"/>
  <testcase name="LoginAsUnderWriter" time="0.000" classname="com.epam.scenarios.Endorsement">
    <error type="java.lang.Throwable" message="Method Endorsement.LoginAsUnderWriter()[pri:0, instance:com.epam.scenarios.Endorsement@673919a7] depends on not successfully finished methods">
      <![CDATA[java.lang.Throwable: Method Endorsement.LoginAsUnderWriter()[pri:0, instance:com.epam.scenarios.Endorsement@673919a7] depends on not successfully finished methods
	at org.testng.internal.Invoker.invokeTestMethods(Invoker.java:1040)
	at org.testng.internal.TestMethodWorker.invokeTestMethods(TestMethodWorker.java:124)
	at org.testng.internal.TestMethodWorker.run(TestMethodWorker.java:108)
	at org.testng.TestRunner.privateRun(TestRunner.java:773)
	at org.testng.TestRunner.run(TestRunner.java:623)
	at org.testng.SuiteRunner.runTest(SuiteRunner.java:357)
	at org.testng.SuiteRunner.runSequentially(SuiteRunner.java:352)
	at org.testng.SuiteRunner.privateRun(SuiteRunner.java:310)
	at org.testng.SuiteRunner.run(SuiteRunner.java:259)
	at org.testng.SuiteRunnerWorker.runSuite(SuiteRunnerWorker.java:52)
	at org.testng.SuiteRunnerWorker.run(SuiteRunnerWorker.java:86)
	at org.testng.TestNG.runSuitesSequentially(TestNG.java:1185)
	at org.testng.TestNG.runSuitesLocally(TestNG.java:1110)
	at org.testng.TestNG.run(TestNG.java:1018)
	at com.epam.driver.CoreDriverScript.executeTestCases(CoreDriverScript.java:270)
	at com.epam.driver.CoreDriverScript.main(CoreDriverScript.java:182)
]]>
    </error>
  </testcase> <!-- LoginAsUnderWriter -->
  <testcase name="SubmissionsPage_End" time="0.000" classname="com.epam.scenarios.Endorsement"/>
  <testcase name="ViolationsPage" time="0.000" classname="com.epam.scenarios.Endorsement">
    <error type="java.lang.Throwable" message="Method Endorsement.ViolationsPage()[pri:0, instance:com.epam.scenarios.Endorsement@673919a7] depends on not successfully finished methods">
      <![CDATA[java.lang.Throwable: Method Endorsement.ViolationsPage()[pri:0, instance:com.epam.scenarios.Endorsement@673919a7] depends on not successfully finished methods
	at org.testng.internal.Invoker.invokeTestMethods(Invoker.java:1040)
	at org.testng.internal.TestMethodWorker.invokeTestMethods(TestMethodWorker.java:124)
	at org.testng.internal.TestMethodWorker.run(TestMethodWorker.java:108)
	at org.testng.TestRunner.privateRun(TestRunner.java:773)
	at org.testng.TestRunner.run(TestRunner.java:623)
	at org.testng.SuiteRunner.runTest(SuiteRunner.java:357)
	at org.testng.SuiteRunner.runSequentially(SuiteRunner.java:352)
	at org.testng.SuiteRunner.privateRun(SuiteRunner.java:310)
	at org.testng.SuiteRunner.run(SuiteRunner.java:259)
	at org.testng.SuiteRunnerWorker.runSuite(SuiteRunnerWorker.java:52)
	at org.testng.SuiteRunnerWorker.run(SuiteRunnerWorker.java:86)
	at org.testng.TestNG.runSuitesSequentially(TestNG.java:1185)
	at org.testng.TestNG.runSuitesLocally(TestNG.java:1110)
	at org.testng.TestNG.run(TestNG.java:1018)
	at com.epam.driver.CoreDriverScript.executeTestCases(CoreDriverScript.java:270)
	at com.epam.driver.CoreDriverScript.main(CoreDriverScript.java:182)
]]>
    </error>
  </testcase> <!-- ViolationsPage -->
  <testcase name="ActionsOnPremiumANDAdditionalInterest" time="0.000" classname="com.epam.scenarios.Endorsement">
    <error type="java.lang.Throwable" message="Method Endorsement.ActionsOnPremiumANDAdditionalInterest()[pri:0, instance:com.epam.scenarios.Endorsement@673919a7] depends on not successfully finished methods">
      <![CDATA[java.lang.Throwable: Method Endorsement.ActionsOnPremiumANDAdditionalInterest()[pri:0, instance:com.epam.scenarios.Endorsement@673919a7] depends on not successfully finished methods
	at org.testng.internal.Invoker.invokeTestMethods(Invoker.java:1040)
	at org.testng.internal.TestMethodWorker.invokeTestMethods(TestMethodWorker.java:124)
	at org.testng.internal.TestMethodWorker.run(TestMethodWorker.java:108)
	at org.testng.TestRunner.privateRun(TestRunner.java:773)
	at org.testng.TestRunner.run(TestRunner.java:623)
	at org.testng.SuiteRunner.runTest(SuiteRunner.java:357)
	at org.testng.SuiteRunner.runSequentially(SuiteRunner.java:352)
	at org.testng.SuiteRunner.privateRun(SuiteRunner.java:310)
	at org.testng.SuiteRunner.run(SuiteRunner.java:259)
	at org.testng.SuiteRunnerWorker.runSuite(SuiteRunnerWorker.java:52)
	at org.testng.SuiteRunnerWorker.run(SuiteRunnerWorker.java:86)
	at org.testng.TestNG.runSuitesSequentially(TestNG.java:1185)
	at org.testng.TestNG.runSuitesLocally(TestNG.java:1110)
	at org.testng.TestNG.run(TestNG.java:1018)
	at com.epam.driver.CoreDriverScript.executeTestCases(CoreDriverScript.java:270)
	at com.epam.driver.CoreDriverScript.main(CoreDriverScript.java:182)
]]>
    </error>
  </testcase> <!-- ActionsOnPremiumANDAdditionalInterest -->
  <testcase name="AddCoverages" time="0.000" classname="com.epam.scenarios.Endorsement">
    <error type="java.lang.Throwable" message="Method Endorsement.AddCoverages()[pri:0, instance:com.epam.scenarios.Endorsement@673919a7] depends on not successfully finished methods">
      <![CDATA[java.lang.Throwable: Method Endorsement.AddCoverages()[pri:0, instance:com.epam.scenarios.Endorsement@673919a7] depends on not successfully finished methods
	at org.testng.internal.Invoker.invokeTestMethods(Invoker.java:1040)
	at org.testng.internal.TestMethodWorker.invokeTestMethods(TestMethodWorker.java:124)
	at org.testng.internal.TestMethodWorker.run(TestMethodWorker.java:108)
	at org.testng.TestRunner.privateRun(TestRunner.java:773)
	at org.testng.TestRunner.run(TestRunner.java:623)
	at org.testng.SuiteRunner.runTest(SuiteRunner.java:357)
	at org.testng.SuiteRunner.runSequentially(SuiteRunner.java:352)
	at org.testng.SuiteRunner.privateRun(SuiteRunner.java:310)
	at org.testng.SuiteRunner.run(SuiteRunner.java:259)
	at org.testng.SuiteRunnerWorker.runSuite(SuiteRunnerWorker.java:52)
	at org.testng.SuiteRunnerWorker.run(SuiteRunnerWorker.java:86)
	at org.testng.TestNG.runSuitesSequentially(TestNG.java:1185)
	at org.testng.TestNG.runSuitesLocally(TestNG.java:1110)
	at org.testng.TestNG.run(TestNG.java:1018)
	at com.epam.driver.CoreDriverScript.executeTestCases(CoreDriverScript.java:270)
	at com.epam.driver.CoreDriverScript.main(CoreDriverScript.java:182)
]]>
    </error>
  </testcase> <!-- AddCoverages -->
  <testcase name="FillApplicantData" time="0.000" classname="com.epam.scenarios.Endorsement">
    <error type="java.lang.Throwable" message="Method Endorsement.FillApplicantData()[pri:0, instance:com.epam.scenarios.Endorsement@673919a7] depends on not successfully finished methods">
      <![CDATA[java.lang.Throwable: Method Endorsement.FillApplicantData()[pri:0, instance:com.epam.scenarios.Endorsement@673919a7] depends on not successfully finished methods
	at org.testng.internal.Invoker.invokeTestMethods(Invoker.java:1040)
	at org.testng.internal.TestMethodWorker.invokeTestMethods(TestMethodWorker.java:124)
	at org.testng.internal.TestMethodWorker.run(TestMethodWorker.java:108)
	at org.testng.TestRunner.privateRun(TestRunner.java:773)
	at org.testng.TestRunner.run(TestRunner.java:623)
	at org.testng.SuiteRunner.runTest(SuiteRunner.java:357)
	at org.testng.SuiteRunner.runSequentially(SuiteRunner.java:352)
	at org.testng.SuiteRunner.privateRun(SuiteRunner.java:310)
	at org.testng.SuiteRunner.run(SuiteRunner.java:259)
	at org.testng.SuiteRunnerWorker.runSuite(SuiteRunnerWorker.java:52)
	at org.testng.SuiteRunnerWorker.run(SuiteRunnerWorker.java:86)
	at org.testng.TestNG.runSuitesSequentially(TestNG.java:1185)
	at org.testng.TestNG.runSuitesLocally(TestNG.java:1110)
	at org.testng.TestNG.run(TestNG.java:1018)
	at com.epam.driver.CoreDriverScript.executeTestCases(CoreDriverScript.java:270)
	at com.epam.driver.CoreDriverScript.main(CoreDriverScript.java:182)
]]>
    </error>
  </testcase> <!-- FillApplicantData -->
  <testcase name="ReportManager" time="0.000" classname="com.epam.scenarios.Endorsement">
    <error type="java.lang.Throwable" message="Method Endorsement.ReportManager()[pri:0, instance:com.epam.scenarios.Endorsement@673919a7] depends on not successfully finished methods">
      <![CDATA[java.lang.Throwable: Method Endorsement.ReportManager()[pri:0, instance:com.epam.scenarios.Endorsement@673919a7] depends on not successfully finished methods
	at org.testng.internal.Invoker.invokeTestMethods(Invoker.java:1040)
	at org.testng.internal.TestMethodWorker.invokeTestMethods(TestMethodWorker.java:124)
	at org.testng.internal.TestMethodWorker.run(TestMethodWorker.java:108)
	at org.testng.TestRunner.privateRun(TestRunner.java:773)
	at org.testng.TestRunner.run(TestRunner.java:623)
	at org.testng.SuiteRunner.runTest(SuiteRunner.java:357)
	at org.testng.SuiteRunner.runSequentially(SuiteRunner.java:352)
	at org.testng.SuiteRunner.privateRun(SuiteRunner.java:310)
	at org.testng.SuiteRunner.run(SuiteRunner.java:259)
	at org.testng.SuiteRunnerWorker.runSuite(SuiteRunnerWorker.java:52)
	at org.testng.SuiteRunnerWorker.run(SuiteRunnerWorker.java:86)
	at org.testng.TestNG.runSuitesSequentially(TestNG.java:1185)
	at org.testng.TestNG.runSuitesLocally(TestNG.java:1110)
	at org.testng.TestNG.run(TestNG.java:1018)
	at com.epam.driver.CoreDriverScript.executeTestCases(CoreDriverScript.java:270)
	at com.epam.driver.CoreDriverScript.main(CoreDriverScript.java:182)
]]>
    </error>
  </testcase> <!-- ReportManager -->
  <testcase name="ViolationsPage_End" time="0.000" classname="com.epam.scenarios.Endorsement"/>
  <testcase name="ActionsonUnderWritingPage_End" time="0.000" classname="com.epam.scenarios.Endorsement"/>
  <testcase name="UpdateDrivers" time="0.000" classname="com.epam.scenarios.Endorsement">
    <error type="java.lang.Throwable" message="Method Endorsement.UpdateDrivers()[pri:0, instance:com.epam.scenarios.Endorsement@673919a7] depends on not successfully finished methods">
      <![CDATA[java.lang.Throwable: Method Endorsement.UpdateDrivers()[pri:0, instance:com.epam.scenarios.Endorsement@673919a7] depends on not successfully finished methods
	at org.testng.internal.Invoker.invokeTestMethods(Invoker.java:1040)
	at org.testng.internal.TestMethodWorker.invokeTestMethods(TestMethodWorker.java:124)
	at org.testng.internal.TestMethodWorker.run(TestMethodWorker.java:108)
	at org.testng.TestRunner.privateRun(TestRunner.java:773)
	at org.testng.TestRunner.run(TestRunner.java:623)
	at org.testng.SuiteRunner.runTest(SuiteRunner.java:357)
	at org.testng.SuiteRunner.runSequentially(SuiteRunner.java:352)
	at org.testng.SuiteRunner.privateRun(SuiteRunner.java:310)
	at org.testng.SuiteRunner.run(SuiteRunner.java:259)
	at org.testng.SuiteRunnerWorker.runSuite(SuiteRunnerWorker.java:52)
	at org.testng.SuiteRunnerWorker.run(SuiteRunnerWorker.java:86)
	at org.testng.TestNG.runSuitesSequentially(TestNG.java:1185)
	at org.testng.TestNG.runSuitesLocally(TestNG.java:1110)
	at org.testng.TestNG.run(TestNG.java:1018)
	at com.epam.driver.CoreDriverScript.executeTestCases(CoreDriverScript.java:270)
	at com.epam.driver.CoreDriverScript.main(CoreDriverScript.java:182)
]]>
    </error>
  </testcase> <!-- UpdateDrivers -->
  <testcase name="GeneralInformationPage_End" time="0.000" classname="com.epam.scenarios.Endorsement"/>
  <testcase name="loginAsUW" time="0.000" classname="com.epam.scenarios.Endorsement"/>
  <testcase name="FillApplicantData_End" time="0.000" classname="com.epam.scenarios.Endorsement"/>
  <testcase name="UpdateDrivers_End" time="0.000" classname="com.epam.scenarios.Endorsement"/>
  <testcase name="loginAsAgent_End" time="6.120" classname="com.epam.scenarios.Endorsement"/>
  <testcase name="UpdateVehicals_End" time="0.000" classname="com.epam.scenarios.Endorsement"/>
</testsuite> <!-- com.epam.scenarios.Endorsement -->
